120 7
1 0
2 0
83 3
3 0
146 6
4 0
96 0
5 0
54 9
6 0
50 1
7 0
15 0
8 0
56 6
9 0
112 4
10 0
2 7
11 0
160 2
12 0
100 6
13 0
92 7
14 0
77 7
15 0
8 6
16 0
173 2
17 0
60 5
18 0
92 9
19 0
192 3
20 0
53 2
21 0
102 8
22 0
35 4
23 0
38 6
24 0
149 9
25 0
23 2
26 0
22 3
27 0
36 2
28 0
45 0
29 0
153 1
30 0
137 2
31 0
73 3
32 0
116 7
33 0
85 0
34 0
46 9
35 0
151 7
36 0
37 0
113 2
38 0
132 4
39 0
16 2
40 0
17 2
41 0
186 8
42 0
127 4
43 0
167 9
44 0
65 0
45 0
98 7
46 0
174 3
47 0
195 5
48 0
19 8
49 0
171 6
50 0
184 0
51 0
109 0
52 0
76 2
53 0
52 3
54 0
6 3
55 0
150 8
56 0
49 7
57 0
157 2
58 0
166 2
59 0
101 1
60 0
97 2
61 0
24 9
62 0
191 5
63 0
63 3
64 0
145 4
65 0
108 0
66 0
119 1
67 0
58 8
68 0
136 1
69 0
168 6
70 0
31 2
71 0
3 7
72 0
125 6
73 0
122 6
74 0
72 7
75 0
18 0
76 0
78 1
77 0
128 4
78 0
134 9
79 0
183 9
80 0
193 7
81 0
163 9
82 0
9 2
83 0
82 1
84 0
159 5
85 0
155 0
86 0
102 7
87 0
33 5
88 0
135 5
89 0
41 4
90 0
10 3
91 0
110 8
92 0
169 8
93 0
142 7
94 0
62 4
95 0
197 2
96 0
147 0
97 0
194 7
98 0
40 3
99 0
158 9
100 0
96 5
101 0
54 5
102 0
26 8
103 0
30 2
104 0
103 1
105 0
88 6
106 0
133 8
107 0
5 9
108 0
21 6
109 0
91 7
110 0
7 1
111 0
189 0
112 0
188 3
113 0
61 0
114 0
114 8
115 0
130 5
116 0
190 9
117 0
123 1
118 0
200 9
119 0
144 3
120 0
43 3
121 0
34 8
122 0
106 5
123 0
68 4
124 0
37 1
125 0
69 4
126 0
75 4
127 0
152 7
128 0
11 9
129 0
138 5
130 0
105 7
131 0
139 4
132 0
115 8
133 0
141 0
134 0
70 2
135 0
148 1
136 0
129 5
137 0
79 2
138 0
175 9
139 0
178 1
140 0
187 1
141 0
32 2
142 0
161 9
143 0
51 0
144 0
84 7
145 0
118 8
146 0
66 9
147 0
48 9
148 0
162 0
149 0
182 9
150 0
99 6
151 0
42 8
152 0
59 7
153 0
64 9
154 0
20 0
155 0
131 8
156 0
140 0
157 0
90 6
158 0
27 2
159 0
95 1
160 0
56 9
161 0
180 8
162 0
179 6
163 0
81 5
164 0
94 0
165 0
89 0
166 0
177 3
167 0
55 3
168 0
35 3
169 0
39 8
170 0
4 9
171 0
121 1
172 0
8 2
173 0
185 9
174 0
181 8
175 0
13 1
176 0
170 0
177 0
1 8
178 0
74 2
179 0
156 9
180 0
117 1
181 0
199 9
182 0
124 3
183 0
165 2
184 0
12 7
185 0
126 1
186 0
143 7
187 0
67 5
188 0
93 7
189 0
14 9
190 0
87 3
191 0
57 6
192 0
198 9
193 0
154 0
194 0
120 1
195 0
25 6
196 0
176 2
197 0
29 8
198 0
86 1
199 0
71 2
200 0
